<?xml version="1.0" encoding="UTF-8"?>
<coverage generated="1729193743551" clover="3.2.0">
  <project timestamp="1729193743552" name="All files">
    <metrics statements="44" coveredstatements="44" conditionals="4" coveredconditionals="3" methods="23" coveredmethods="23" elements="71" coveredelements="70" complexity="0" loc="44" ncloc="44" packages="1" files="6" classes="6"/>
    <file name="grade.js" path="/home/mart/28Sandbox/sdi-blended-tdd-scaffold/src/grade.js">
      <metrics statements="12" coveredstatements="12" conditionals="0" coveredconditionals="0" methods="4" coveredmethods="4"/>
      <line num="4" count="4" type="stmt"/>
      <line num="9" count="2" type="stmt"/>
      <line num="10" count="2" type="stmt"/>
      <line num="11" count="4" type="stmt"/>
      <line num="13" count="2" type="stmt"/>
      <line num="17" count="1" type="stmt"/>
      <line num="18" count="1" type="stmt"/>
      <line num="19" count="2" type="stmt"/>
      <line num="20" count="2" type="stmt"/>
      <line num="23" count="1" type="stmt"/>
      <line num="27" count="1" type="stmt"/>
      <line num="37" count="4" type="stmt"/>
    </file>
    <file name="index.js" path="/home/mart/28Sandbox/sdi-blended-tdd-scaffold/src/index.js">
      <metrics statements="1" coveredstatements="1" conditionals="0" coveredconditionals="0" methods="0" coveredmethods="0"/>
      <line num="1" count="4" type="stmt"/>
    </file>
    <file name="individualClass.js" path="/home/mart/28Sandbox/sdi-blended-tdd-scaffold/src/individualClass.js">
      <metrics statements="9" coveredstatements="9" conditionals="2" coveredconditionals="2" methods="5" coveredmethods="5"/>
      <line num="4" count="14" type="stmt"/>
      <line num="9" count="1" type="stmt"/>
      <line num="10" count="1" type="stmt"/>
      <line num="11" count="1" type="stmt"/>
      <line num="13" count="1" type="stmt"/>
      <line num="14" count="2" type="cond" truecount="2" falsecount="0"/>
      <line num="15" count="1" type="stmt"/>
      <line num="18" count="1" type="stmt"/>
      <line num="22" count="4" type="stmt"/>
    </file>
    <file name="school.js" path="/home/mart/28Sandbox/sdi-blended-tdd-scaffold/src/school.js">
      <metrics statements="1" coveredstatements="1" conditionals="0" coveredconditionals="0" methods="0" coveredmethods="0"/>
      <line num="3" count="4" type="stmt"/>
    </file>
    <file name="student.js" path="/home/mart/28Sandbox/sdi-blended-tdd-scaffold/src/student.js">
      <metrics statements="16" coveredstatements="16" conditionals="2" coveredconditionals="1" methods="10" coveredmethods="10"/>
      <line num="3" count="20" type="stmt"/>
      <line num="10" count="1" type="stmt"/>
      <line num="11" count="1" type="stmt"/>
      <line num="12" count="1" type="stmt"/>
      <line num="13" count="1" type="stmt"/>
      <line num="15" count="3" type="stmt"/>
      <line num="16" count="3" type="stmt"/>
      <line num="17" count="12" type="stmt"/>
      <line num="19" count="3" type="stmt"/>
      <line num="21" count="1" type="stmt"/>
      <line num="22" count="1" type="stmt"/>
      <line num="24" count="1" type="stmt"/>
      <line num="25" count="2" type="cond" truecount="1" falsecount="1"/>
      <line num="26" count="2" type="stmt"/>
      <line num="29" count="1" type="stmt"/>
      <line num="33" count="4" type="stmt"/>
    </file>
    <file name="teacher.js" path="/home/mart/28Sandbox/sdi-blended-tdd-scaffold/src/teacher.js">
      <metrics statements="5" coveredstatements="5" conditionals="0" coveredconditionals="0" methods="4" coveredmethods="4"/>
      <line num="3" count="14" type="stmt"/>
      <line num="8" count="1" type="stmt"/>
      <line num="9" count="1" type="stmt"/>
      <line num="10" count="1" type="stmt"/>
      <line num="13" count="4" type="stmt"/>
    </file>
  </project>
</coverage>
