{"/home/mart/28Sandbox/sdi-blended-tdd-scaffold/src/grade.js": {"path":"/home/mart/28Sandbox/sdi-blended-tdd-scaffold/src/grade.js","statementMap":{"0":{"start":{"line":3,"column":0},"end":{"line":3,"column":23}}},"fnMap":{},"branchMap":{},"s":{"0":3},"f":{},"b":{},"_coverageSchema":"1a1c01bbd47fc00a2c39e90264f33305004495a9","hash":"efe025022cfe2a0ca0504c335615b4d3d3c21d51"}
,"/home/mart/28Sandbox/sdi-blended-tdd-scaffold/src/index.js": {"path":"/home/mart/28Sandbox/sdi-blended-tdd-scaffold/src/index.js","statementMap":{"0":{"start":{"line":1,"column":0},"end":{"line":7,"column":1}}},"fnMap":{},"branchMap":{},"s":{"0":3},"f":{},"b":{},"_coverageSchema":"1a1c01bbd47fc00a2c39e90264f33305004495a9","hash":"3d877672b69ddfca53891414671bf1a553bf2a6f"}
,"/home/mart/28Sandbox/sdi-blended-tdd-scaffold/src/individualClass.js": {"path":"/home/mart/28Sandbox/sdi-blended-tdd-scaffold/src/individualClass.js","statementMap":{"0":{"start":{"line":4,"column":4},"end":{"line":7,"column":26}},"1":{"start":{"line":9,"column":27},"end":{"line":9,"column":52}},"2":{"start":{"line":10,"column":27},"end":{"line":10,"column":52}},"3":{"start":{"line":11,"column":24},"end":{"line":11,"column":53}},"4":{"start":{"line":13,"column":4},"end":{"line":17,"column":5}},"5":{"start":{"line":13,"column":17},"end":{"line":13,"column":18}},"6":{"start":{"line":14,"column":8},"end":{"line":16,"column":9}},"7":{"start":{"line":15,"column":12},"end":{"line":15,"column":45}},"8":{"start":{"line":18,"column":4},"end":{"line":18,"column":24}},"9":{"start":{"line":22,"column":0},"end":{"line":22,"column":33}}},"fnMap":{"0":{"name":"(anonymous_0)","decl":{"start":{"line":3,"column":0},"end":{"line":3,"column":1}},"loc":{"start":{"line":3,"column":51},"end":{"line":8,"column":1}},"line":3},"1":{"name":"(anonymous_1)","decl":{"start":{"line":9,"column":0},"end":{"line":9,"column":1}},"loc":{"start":{"line":9,"column":26},"end":{"line":9,"column":53}},"line":9},"2":{"name":"(anonymous_2)","decl":{"start":{"line":10,"column":0},"end":{"line":10,"column":1}},"loc":{"start":{"line":10,"column":26},"end":{"line":10,"column":53}},"line":10},"3":{"name":"(anonymous_3)","decl":{"start":{"line":11,"column":0},"end":{"line":11,"column":1}},"loc":{"start":{"line":11,"column":23},"end":{"line":11,"column":54}},"line":11},"4":{"name":"(anonymous_4)","decl":{"start":{"line":12,"column":0},"end":{"line":12,"column":1}},"loc":{"start":{"line":12,"column":34},"end":{"line":20,"column":1}},"line":12}},"branchMap":{"0":{"loc":{"start":{"line":14,"column":8},"end":{"line":16,"column":9}},"type":"if","locations":[{"start":{"line":14,"column":8},"end":{"line":16,"column":9}},{"start":{"line":14,"column":8},"end":{"line":16,"column":9}}],"line":14}},"s":{"0":5,"1":1,"2":1,"3":1,"4":1,"5":1,"6":2,"7":1,"8":1,"9":3},"f":{"0":5,"1":1,"2":1,"3":1,"4":1},"b":{"0":[1,1]},"_coverageSchema":"1a1c01bbd47fc00a2c39e90264f33305004495a9","hash":"e57aa2d521b3895cbb514d16b6f8a8094f6009ea"}
,"/home/mart/28Sandbox/sdi-blended-tdd-scaffold/src/school.js": {"path":"/home/mart/28Sandbox/sdi-blended-tdd-scaffold/src/school.js","statementMap":{"0":{"start":{"line":3,"column":0},"end":{"line":3,"column":24}}},"fnMap":{},"branchMap":{},"s":{"0":3},"f":{},"b":{},"_coverageSchema":"1a1c01bbd47fc00a2c39e90264f33305004495a9","hash":"a7bc215b300735c2aabe25eb36d35711d6aa8bd7"}
,"/home/mart/28Sandbox/sdi-blended-tdd-scaffold/src/student.js": {"path":"/home/mart/28Sandbox/sdi-blended-tdd-scaffold/src/student.js","statementMap":{"0":{"start":{"line":3,"column":8},"end":{"line":8,"column":37}},"1":{"start":{"line":10,"column":32},"end":{"line":10,"column":51}},"2":{"start":{"line":11,"column":20},"end":{"line":11,"column":30}},"3":{"start":{"line":12,"column":27},"end":{"line":12,"column":44}},"4":{"start":{"line":13,"column":32},"end":{"line":13,"column":67}},"5":{"start":{"line":15,"column":18},"end":{"line":15,"column":19}},"6":{"start":{"line":16,"column":8},"end":{"line":18,"column":6}},"7":{"start":{"line":17,"column":12},"end":{"line":17,"column":26}},"8":{"start":{"line":19,"column":8},"end":{"line":19,"column":44}},"9":{"start":{"line":21,"column":38},"end":{"line":21,"column":70}},"10":{"start":{"line":22,"column":29},"end":{"line":22,"column":62}},"11":{"start":{"line":24,"column":8},"end":{"line":28,"column":9}},"12":{"start":{"line":24,"column":21},"end":{"line":24,"column":22}},"13":{"start":{"line":25,"column":12},"end":{"line":27,"column":13}},"14":{"start":{"line":26,"column":16},"end":{"line":26,"column":55}},"15":{"start":{"line":29,"column":8},"end":{"line":29,"column":31}},"16":{"start":{"line":33,"column":2},"end":{"line":33,"column":27}}},"fnMap":{"0":{"name":"(anonymous_0)","decl":{"start":{"line":2,"column":4},"end":{"line":2,"column":5}},"loc":{"start":{"line":2,"column":77},"end":{"line":9,"column":5}},"line":2},"1":{"name":"(anonymous_1)","decl":{"start":{"line":10,"column":4},"end":{"line":10,"column":5}},"loc":{"start":{"line":10,"column":31},"end":{"line":10,"column":52}},"line":10},"2":{"name":"(anonymous_2)","decl":{"start":{"line":11,"column":4},"end":{"line":11,"column":5}},"loc":{"start":{"line":11,"column":19},"end":{"line":11,"column":31}},"line":11},"3":{"name":"(anonymous_3)","decl":{"start":{"line":12,"column":4},"end":{"line":12,"column":5}},"loc":{"start":{"line":12,"column":26},"end":{"line":12,"column":45}},"line":12},"4":{"name":"(anonymous_4)","decl":{"start":{"line":13,"column":4},"end":{"line":13,"column":5}},"loc":{"start":{"line":13,"column":31},"end":{"line":13,"column":68}},"line":13},"5":{"name":"(anonymous_5)","decl":{"start":{"line":14,"column":4},"end":{"line":14,"column":5}},"loc":{"start":{"line":14,"column":28},"end":{"line":20,"column":5}},"line":14},"6":{"name":"(anonymous_6)","decl":{"start":{"line":16,"column":32},"end":{"line":16,"column":33}},"loc":{"start":{"line":16,"column":43},"end":{"line":18,"column":5}},"line":16},"7":{"name":"(anonymous_7)","decl":{"start":{"line":21,"column":4},"end":{"line":21,"column":5}},"loc":{"start":{"line":21,"column":37},"end":{"line":21,"column":71}},"line":21},"8":{"name":"(anonymous_8)","decl":{"start":{"line":22,"column":4},"end":{"line":22,"column":5}},"loc":{"start":{"line":22,"column":28},"end":{"line":22,"column":63}},"line":22},"9":{"name":"(anonymous_9)","decl":{"start":{"line":23,"column":4},"end":{"line":23,"column":5}},"loc":{"start":{"line":23,"column":40},"end":{"line":30,"column":5}},"line":23}},"branchMap":{"0":{"loc":{"start":{"line":25,"column":12},"end":{"line":27,"column":13}},"type":"if","locations":[{"start":{"line":25,"column":12},"end":{"line":27,"column":13}},{"start":{"line":25,"column":12},"end":{"line":27,"column":13}}],"line":25}},"s":{"0":16,"1":1,"2":1,"3":1,"4":1,"5":1,"6":1,"7":4,"8":1,"9":1,"10":1,"11":1,"12":1,"13":2,"14":2,"15":1,"16":3},"f":{"0":16,"1":1,"2":1,"3":1,"4":1,"5":1,"6":4,"7":1,"8":1,"9":1},"b":{"0":[2,0]},"_coverageSchema":"1a1c01bbd47fc00a2c39e90264f33305004495a9","hash":"8ac46311b4855fdbdbf83ceb99cd52dbe0b3608d"}
,"/home/mart/28Sandbox/sdi-blended-tdd-scaffold/src/teacher.js": {"path":"/home/mart/28Sandbox/sdi-blended-tdd-scaffold/src/teacher.js","statementMap":{"0":{"start":{"line":3,"column":6},"end":{"line":6,"column":42}},"1":{"start":{"line":8,"column":30},"end":{"line":8,"column":49}},"2":{"start":{"line":9,"column":35},"end":{"line":9,"column":66}},"3":{"start":{"line":10,"column":26},"end":{"line":10,"column":47}},"4":{"start":{"line":13,"column":0},"end":{"line":13,"column":25}}},"fnMap":{"0":{"name":"(anonymous_0)","decl":{"start":{"line":2,"column":2},"end":{"line":2,"column":3}},"loc":{"start":{"line":2,"column":71},"end":{"line":7,"column":3}},"line":2},"1":{"name":"(anonymous_1)","decl":{"start":{"line":8,"column":2},"end":{"line":8,"column":3}},"loc":{"start":{"line":8,"column":29},"end":{"line":8,"column":50}},"line":8},"2":{"name":"(anonymous_2)","decl":{"start":{"line":9,"column":2},"end":{"line":9,"column":3}},"loc":{"start":{"line":9,"column":34},"end":{"line":9,"column":67}},"line":9},"3":{"name":"(anonymous_3)","decl":{"start":{"line":10,"column":2},"end":{"line":10,"column":3}},"loc":{"start":{"line":10,"column":25},"end":{"line":10,"column":48}},"line":10}},"branchMap":{},"s":{"0":10,"1":1,"2":1,"3":1,"4":3},"f":{"0":10,"1":1,"2":1,"3":1},"b":{},"_coverageSchema":"1a1c01bbd47fc00a2c39e90264f33305004495a9","hash":"5c5db8824884177ea69d71db9b2d56a3e9bf0888"}
}
