{"/home/mart/28Sandbox/sdi-blended-tdd-scaffold/src/grade.js": {"path":"/home/mart/28Sandbox/sdi-blended-tdd-scaffold/src/grade.js","statementMap":{"0":{"start":{"line":3,"column":0},"end":{"line":3,"column":23}}},"fnMap":{},"branchMap":{},"s":{"0":1},"f":{},"b":{},"_coverageSchema":"1a1c01bbd47fc00a2c39e90264f33305004495a9","hash":"efe025022cfe2a0ca0504c335615b4d3d3c21d51"}
,"/home/mart/28Sandbox/sdi-blended-tdd-scaffold/src/index.js": {"path":"/home/mart/28Sandbox/sdi-blended-tdd-scaffold/src/index.js","statementMap":{"0":{"start":{"line":1,"column":0},"end":{"line":7,"column":1}}},"fnMap":{},"branchMap":{},"s":{"0":1},"f":{},"b":{},"_coverageSchema":"1a1c01bbd47fc00a2c39e90264f33305004495a9","hash":"3d877672b69ddfca53891414671bf1a553bf2a6f"}
,"/home/mart/28Sandbox/sdi-blended-tdd-scaffold/src/individualClass.js": {"path":"/home/mart/28Sandbox/sdi-blended-tdd-scaffold/src/individualClass.js","statementMap":{"0":{"start":{"line":3,"column":0},"end":{"line":3,"column":33}}},"fnMap":{},"branchMap":{},"s":{"0":1},"f":{},"b":{},"_coverageSchema":"1a1c01bbd47fc00a2c39e90264f33305004495a9","hash":"69d748ae65780f1d9269d2c892b17599356d7f37"}
,"/home/mart/28Sandbox/sdi-blended-tdd-scaffold/src/school.js": {"path":"/home/mart/28Sandbox/sdi-blended-tdd-scaffold/src/school.js","statementMap":{"0":{"start":{"line":3,"column":0},"end":{"line":3,"column":24}}},"fnMap":{},"branchMap":{},"s":{"0":1},"f":{},"b":{},"_coverageSchema":"1a1c01bbd47fc00a2c39e90264f33305004495a9","hash":"a7bc215b300735c2aabe25eb36d35711d6aa8bd7"}
,"/home/mart/28Sandbox/sdi-blended-tdd-scaffold/src/student.js": {"path":"/home/mart/28Sandbox/sdi-blended-tdd-scaffold/src/student.js","statementMap":{"0":{"start":{"line":3,"column":0},"end":{"line":3,"column":25}}},"fnMap":{},"branchMap":{},"s":{"0":1},"f":{},"b":{},"_coverageSchema":"1a1c01bbd47fc00a2c39e90264f33305004495a9","hash":"ce0e7c4d9f082edd8dfb138f28cdb05fc516d6a4"}
,"/home/mart/28Sandbox/sdi-blended-tdd-scaffold/src/teacher.js": {"path":"/home/mart/28Sandbox/sdi-blended-tdd-scaffold/src/teacher.js","statementMap":{"0":{"start":{"line":3,"column":6},"end":{"line":6,"column":42}},"1":{"start":{"line":8,"column":30},"end":{"line":8,"column":49}},"2":{"start":{"line":9,"column":35},"end":{"line":9,"column":66}},"3":{"start":{"line":10,"column":26},"end":{"line":10,"column":47}},"4":{"start":{"line":13,"column":0},"end":{"line":13,"column":25}}},"fnMap":{"0":{"name":"(anonymous_0)","decl":{"start":{"line":2,"column":2},"end":{"line":2,"column":3}},"loc":{"start":{"line":2,"column":71},"end":{"line":7,"column":3}},"line":2},"1":{"name":"(anonymous_1)","decl":{"start":{"line":8,"column":2},"end":{"line":8,"column":3}},"loc":{"start":{"line":8,"column":29},"end":{"line":8,"column":50}},"line":8},"2":{"name":"(anonymous_2)","decl":{"start":{"line":9,"column":2},"end":{"line":9,"column":3}},"loc":{"start":{"line":9,"column":34},"end":{"line":9,"column":67}},"line":9},"3":{"name":"(anonymous_3)","decl":{"start":{"line":10,"column":2},"end":{"line":10,"column":3}},"loc":{"start":{"line":10,"column":25},"end":{"line":10,"column":48}},"line":10}},"branchMap":{},"s":{"0":4,"1":1,"2":1,"3":1,"4":1},"f":{"0":4,"1":1,"2":1,"3":1},"b":{},"_coverageSchema":"1a1c01bbd47fc00a2c39e90264f33305004495a9","hash":"5c5db8824884177ea69d71db9b2d56a3e9bf0888"}
}
